0 info it worked if it ends with ok
1 verbose cli [ '/home/alban/.nvm/versions/node/v7.4.0/bin/node',
1 verbose cli   '/home/alban/.nvm/versions/node/v7.4.0/bin/npm',
1 verbose cli   'install' ]
2 info using npm@4.0.5
3 info using node@v7.4.0
4 silly loadCurrentTree Starting
5 silly install loadCurrentTree
6 silly install readLocalPackageData
7 silly install normalizeTree
8 silly loadCurrentTree Finishing
9 silly loadIdealTree Starting
10 silly install loadIdealTree
11 silly cloneCurrentTree Starting
12 silly install cloneCurrentTreeToIdealTree
13 silly cloneCurrentTree Finishing
14 silly loadShrinkwrap Starting
15 silly install loadShrinkwrap
16 silly loadShrinkwrap Finishing
17 silly loadAllDepsIntoIdealTree Starting
18 silly install loadAllDepsIntoIdealTree
19 silly fetchNamedPackageData babel-core
20 silly mapToRegistry name babel-core
21 silly mapToRegistry using default registry
22 silly mapToRegistry registry https://registry.npmjs.org/
23 silly mapToRegistry data Result {
23 silly mapToRegistry   raw: 'babel-core',
23 silly mapToRegistry   scope: null,
23 silly mapToRegistry   escapedName: 'babel-core',
23 silly mapToRegistry   name: 'babel-core',
23 silly mapToRegistry   rawSpec: '',
23 silly mapToRegistry   spec: 'latest',
23 silly mapToRegistry   type: 'tag' }
24 silly mapToRegistry uri https://registry.npmjs.org/babel-core
25 silly fetchNamedPackageData babel-eslint
26 silly mapToRegistry name babel-eslint
27 silly mapToRegistry using default registry
28 silly mapToRegistry registry https://registry.npmjs.org/
29 silly mapToRegistry data Result {
29 silly mapToRegistry   raw: 'babel-eslint',
29 silly mapToRegistry   scope: null,
29 silly mapToRegistry   escapedName: 'babel-eslint',
29 silly mapToRegistry   name: 'babel-eslint',
29 silly mapToRegistry   rawSpec: '',
29 silly mapToRegistry   spec: 'latest',
29 silly mapToRegistry   type: 'tag' }
30 silly mapToRegistry uri https://registry.npmjs.org/babel-eslint
31 silly fetchNamedPackageData eslint
32 silly mapToRegistry name eslint
33 silly mapToRegistry using default registry
34 silly mapToRegistry registry https://registry.npmjs.org/
35 silly mapToRegistry data Result {
35 silly mapToRegistry   raw: 'eslint',
35 silly mapToRegistry   scope: null,
35 silly mapToRegistry   escapedName: 'eslint',
35 silly mapToRegistry   name: 'eslint',
35 silly mapToRegistry   rawSpec: '',
35 silly mapToRegistry   spec: 'latest',
35 silly mapToRegistry   type: 'tag' }
36 silly mapToRegistry uri https://registry.npmjs.org/eslint
37 silly fetchNamedPackageData eslint-config-standard
38 silly mapToRegistry name eslint-config-standard
39 silly mapToRegistry using default registry
40 silly mapToRegistry registry https://registry.npmjs.org/
41 silly mapToRegistry data Result {
41 silly mapToRegistry   raw: 'eslint-config-standard',
41 silly mapToRegistry   scope: null,
41 silly mapToRegistry   escapedName: 'eslint-config-standard',
41 silly mapToRegistry   name: 'eslint-config-standard',
41 silly mapToRegistry   rawSpec: '',
41 silly mapToRegistry   spec: 'latest',
41 silly mapToRegistry   type: 'tag' }
42 silly mapToRegistry uri https://registry.npmjs.org/eslint-config-standard
43 silly fetchNamedPackageData eslint-plugin-promise
44 silly mapToRegistry name eslint-plugin-promise
45 silly mapToRegistry using default registry
46 silly mapToRegistry registry https://registry.npmjs.org/
47 silly mapToRegistry data Result {
47 silly mapToRegistry   raw: 'eslint-plugin-promise',
47 silly mapToRegistry   scope: null,
47 silly mapToRegistry   escapedName: 'eslint-plugin-promise',
47 silly mapToRegistry   name: 'eslint-plugin-promise',
47 silly mapToRegistry   rawSpec: '',
47 silly mapToRegistry   spec: 'latest',
47 silly mapToRegistry   type: 'tag' }
48 silly mapToRegistry uri https://registry.npmjs.org/eslint-plugin-promise
49 silly fetchOtherPackageData esl int-plugin-standard@^2.0.1
50 silly cache add args [ 'esl int-plugin-standard@^2.0.1', null ]
51 verbose cache add spec esl int-plugin-standard@^2.0.1
52 silly cache add parsed spec Result {
52 silly cache add   raw: 'esl int-plugin-standard@^2.0.1',
52 silly cache add   scope: null,
52 silly cache add   escapedName: null,
52 silly cache add   name: null,
52 silly cache add   rawSpec: 'esl int-plugin-standard@^2.0.1',
52 silly cache add   spec: '/home/alban/github/sirene-metadata/esl int-plugin-standard@^2.0.1',
52 silly cache add   type: 'local' }
53 error addLocal Could not install /home/alban/github/sirene-metadata/esl int-plugin-standard@^2.0.1
54 silly fetchPackageMetaData Error: ENOENT: no such file or directory, open '/home/alban/github/sirene-metadata/esl int-plugin-standard@^2.0.1'
54 silly fetchPackageMetaData  error for esl int-plugin-standard@^2.0.1 { Error: ENOENT: no such file or directory, open '/home/alban/github/sirene-metadata/esl int-plugin-standard@^2.0.1'
54 silly fetchPackageMetaData   errno: -2,
54 silly fetchPackageMetaData   code: 'ENOENT',
54 silly fetchPackageMetaData   syscall: 'open',
54 silly fetchPackageMetaData   path: '/home/alban/github/sirene-metadata/esl int-plugin-standard@^2.0.1' }
55 verbose request uri https://registry.npmjs.org/eslint-config-standard
56 verbose request no auth needed
57 info attempt registry request try #1 at 5:10:02 PM
58 verbose request id 593e26b7414bdbdb
59 verbose etag W/"5837dbba-12df3"
60 verbose lastModified Fri, 25 Nov 2016 06:35:38 GMT
61 http request GET https://registry.npmjs.org/eslint-config-standard
62 verbose request uri https://registry.npmjs.org/babel-eslint
63 verbose request no auth needed
64 info attempt registry request try #1 at 5:10:02 PM
65 verbose etag W/"5871d79f-240cb"
66 verbose lastModified Sun, 08 Jan 2017 06:09:35 GMT
67 http request GET https://registry.npmjs.org/babel-eslint
68 verbose request uri https://registry.npmjs.org/eslint-plugin-promise
69 verbose request no auth needed
70 info attempt registry request try #1 at 5:10:02 PM
71 verbose etag W/"5854d5fc-7ca7"
72 verbose lastModified Sat, 17 Dec 2016 06:06:52 GMT
73 http request GET https://registry.npmjs.org/eslint-plugin-promise
74 verbose request uri https://registry.npmjs.org/babel-core
75 verbose request no auth needed
76 info attempt registry request try #1 at 5:10:02 PM
77 verbose etag W/"586c0255-7126f"
78 verbose lastModified Tue, 03 Jan 2017 19:58:13 GMT
79 http request GET https://registry.npmjs.org/babel-core
80 verbose request uri https://registry.npmjs.org/eslint
81 verbose request no auth needed
82 info attempt registry request try #1 at 5:10:02 PM
83 verbose etag W/"587000bd-63a63"
84 verbose lastModified Fri, 06 Jan 2017 20:40:29 GMT
85 http request GET https://registry.npmjs.org/eslint
86 http 200 https://registry.npmjs.org/eslint-config-standard
87 verbose headers { server: 'nginx/1.10.1',
87 verbose headers   'content-type': 'application/json',
87 verbose headers   'last-modified': 'Mon, 06 Feb 2017 15:15:58 GMT',
87 verbose headers   etag: 'W/"5898932e-12e0f"',
87 verbose headers   'content-encoding': 'gzip',
87 verbose headers   'cache-control': 'max-age=300',
87 verbose headers   'content-length': '7306',
87 verbose headers   'accept-ranges': 'bytes',
87 verbose headers   date: 'Tue, 07 Feb 2017 16:10:02 GMT',
87 verbose headers   via: '1.1 varnish',
87 verbose headers   age: '180',
87 verbose headers   connection: 'keep-alive',
87 verbose headers   'x-served-by': 'cache-lhr6320-LHR',
87 verbose headers   'x-cache': 'HIT',
87 verbose headers   'x-cache-hits': '1',
87 verbose headers   'x-timer': 'S1486483802.815083,VS0,VE0',
87 verbose headers   vary: 'Accept-Encoding' }
88 silly get cb [ 200,
88 silly get   { server: 'nginx/1.10.1',
88 silly get     'content-type': 'application/json',
88 silly get     'last-modified': 'Mon, 06 Feb 2017 15:15:58 GMT',
88 silly get     etag: 'W/"5898932e-12e0f"',
88 silly get     'content-encoding': 'gzip',
88 silly get     'cache-control': 'max-age=300',
88 silly get     'content-length': '7306',
88 silly get     'accept-ranges': 'bytes',
88 silly get     date: 'Tue, 07 Feb 2017 16:10:02 GMT',
88 silly get     via: '1.1 varnish',
88 silly get     age: '180',
88 silly get     connection: 'keep-alive',
88 silly get     'x-served-by': 'cache-lhr6320-LHR',
88 silly get     'x-cache': 'HIT',
88 silly get     'x-cache-hits': '1',
88 silly get     'x-timer': 'S1486483802.815083,VS0,VE0',
88 silly get     vary: 'Accept-Encoding' } ]
89 verbose get saving eslint-config-standard to /home/alban/.npm/registry.npmjs.org/eslint-config-standard/.cache.json
90 verbose correctMkdir /home/alban/.npm correctMkdir not in flight; initializing
91 silly resolveWithNewModule eslint-config-standard@6.2.1 checking installable status
92 silly cache add args [ 'eslint-config-standard@^6.2.1', null ]
93 verbose cache add spec eslint-config-standard@^6.2.1
94 silly cache add parsed spec Result {
94 silly cache add   raw: 'eslint-config-standard@^6.2.1',
94 silly cache add   scope: null,
94 silly cache add   escapedName: 'eslint-config-standard',
94 silly cache add   name: 'eslint-config-standard',
94 silly cache add   rawSpec: '^6.2.1',
94 silly cache add   spec: '>=6.2.1 <7.0.0',
94 silly cache add   type: 'range' }
95 silly addNamed eslint-config-standard@>=6.2.1 <7.0.0
96 verbose addNamed ">=6.2.1 <7.0.0" is a valid semver range for eslint-config-standard
97 silly addNameRange { name: 'eslint-config-standard',
97 silly addNameRange   range: '>=6.2.1 <7.0.0',
97 silly addNameRange   hasData: false }
98 silly mapToRegistry name eslint-config-standard
99 silly mapToRegistry using default registry
100 silly mapToRegistry registry https://registry.npmjs.org/
101 silly mapToRegistry data Result {
101 silly mapToRegistry   raw: 'eslint-config-standard',
101 silly mapToRegistry   scope: null,
101 silly mapToRegistry   escapedName: 'eslint-config-standard',
101 silly mapToRegistry   name: 'eslint-config-standard',
101 silly mapToRegistry   rawSpec: '',
101 silly mapToRegistry   spec: 'latest',
101 silly mapToRegistry   type: 'tag' }
102 silly mapToRegistry uri https://registry.npmjs.org/eslint-config-standard
103 verbose addNameRange registry:https://registry.npmjs.org/eslint-config-standard not in flight; fetching
104 verbose get https://registry.npmjs.org/eslint-config-standard not expired, no request
105 silly addNameRange number 2 { name: 'eslint-config-standard',
105 silly addNameRange   range: '>=6.2.1 <7.0.0',
105 silly addNameRange   hasData: true }
106 silly addNameRange versions [ 'eslint-config-standard',
106 silly addNameRange   [ '1.0.0',
106 silly addNameRange     '1.0.1',
106 silly addNameRange     '1.1.0',
106 silly addNameRange     '1.1.1',
106 silly addNameRange     '1.2.0',
106 silly addNameRange     '1.3.0',
106 silly addNameRange     '1.3.1',
106 silly addNameRange     '2.0.0',
106 silly addNameRange     '2.0.1',
106 silly addNameRange     '2.0.2',
106 silly addNameRange     '3.0.0',
106 silly addNameRange     '3.1.0',
106 silly addNameRange     '3.2.0',
106 silly addNameRange     '3.3.0',
106 silly addNameRange     '3.4.0',
106 silly addNameRange     '3.4.1',
106 silly addNameRange     '4.0.0-0',
106 silly addNameRange     '4.0.0-1',
106 silly addNameRange     '4.0.0-2',
106 silly addNameRange     '4.0.0-3',
106 silly addNameRange     '4.0.0-4',
106 silly addNameRange     '4.0.0-5',
106 silly addNameRange     '4.0.0',
106 silly addNameRange     '4.1.0',
106 silly addNameRange     '4.2.0',
106 silly addNameRange     '4.3.0',
106 silly addNameRange     '4.3.1',
106 silly addNameRange     '4.3.2',
106 silly addNameRange     '4.4.0',
106 silly addNameRange     '5.0.0',
106 silly addNameRange     '5.1.0',
106 silly addNameRange     '5.2.0',
106 silly addNameRange     '5.3.0',
106 silly addNameRange     '5.3.1',
106 silly addNameRange     '5.3.2',
106 silly addNameRange     '5.3.3',
106 silly addNameRange     '5.3.4',
106 silly addNameRange     '5.3.5',
106 silly addNameRange     '6.0.0-beta.0',
106 silly addNameRange     '6.0.0-beta.1',
106 silly addNameRange     '6.0.0-beta.2',
106 silly addNameRange     '6.0.0-beta.3',
106 silly addNameRange     '6.0.0',
106 silly addNameRange     '6.0.1',
106 silly addNameRange     '6.1.0',
106 silly addNameRange     '6.2.0',
106 silly addNameRange     '6.2.1' ] ]
107 silly addNamed eslint-config-standard@6.2.1
108 verbose addNamed "6.2.1" is a plain semver version for eslint-config-standard
109 silly cache afterAdd eslint-config-standard@6.2.1
110 verbose afterAdd /home/alban/.npm/eslint-config-standard/6.2.1/package/package.json not in flight; writing
111 verbose correctMkdir /home/alban/.npm correctMkdir not in flight; initializing
112 http 200 https://registry.npmjs.org/eslint-plugin-promise
113 verbose headers { server: 'nginx/1.10.1',
113 verbose headers   'content-type': 'application/json',
113 verbose headers   'last-modified': 'Mon, 06 Feb 2017 22:17:24 GMT',
113 verbose headers   etag: 'W/"5898f5f4-81ed"',
113 verbose headers   'content-encoding': 'gzip',
113 verbose headers   'cache-control': 'max-age=300',
113 verbose headers   'content-length': '5407',
113 verbose headers   'accept-ranges': 'bytes',
113 verbose headers   date: 'Tue, 07 Feb 2017 16:10:02 GMT',
113 verbose headers   via: '1.1 varnish',
113 verbose headers   age: '114',
113 verbose headers   connection: 'keep-alive',
113 verbose headers   'x-served-by': 'cache-lhr6324-LHR',
113 verbose headers   'x-cache': 'HIT',
113 verbose headers   'x-cache-hits': '1',
113 verbose headers   'x-timer': 'S1486483802.826166,VS0,VE0',
113 verbose headers   vary: 'Accept-Encoding' }
114 silly get cb [ 200,
114 silly get   { server: 'nginx/1.10.1',
114 silly get     'content-type': 'application/json',
114 silly get     'last-modified': 'Mon, 06 Feb 2017 22:17:24 GMT',
114 silly get     etag: 'W/"5898f5f4-81ed"',
114 silly get     'content-encoding': 'gzip',
114 silly get     'cache-control': 'max-age=300',
114 silly get     'content-length': '5407',
114 silly get     'accept-ranges': 'bytes',
114 silly get     date: 'Tue, 07 Feb 2017 16:10:02 GMT',
114 silly get     via: '1.1 varnish',
114 silly get     age: '114',
114 silly get     connection: 'keep-alive',
114 silly get     'x-served-by': 'cache-lhr6324-LHR',
114 silly get     'x-cache': 'HIT',
114 silly get     'x-cache-hits': '1',
114 silly get     'x-timer': 'S1486483802.826166,VS0,VE0',
114 silly get     vary: 'Accept-Encoding' } ]
115 verbose get saving eslint-plugin-promise to /home/alban/.npm/registry.npmjs.org/eslint-plugin-promise/.cache.json
116 verbose correctMkdir /home/alban/.npm correctMkdir not in flight; initializing
117 verbose afterAdd /home/alban/.npm/eslint-config-standard/6.2.1/package/package.json written
118 silly resolveWithNewModule eslint-plugin-promise@3.4.1 checking installable status
119 silly cache add args [ 'eslint-plugin-promise@^3.4.0', null ]
120 verbose cache add spec eslint-plugin-promise@^3.4.0
121 silly cache add parsed spec Result {
121 silly cache add   raw: 'eslint-plugin-promise@^3.4.0',
121 silly cache add   scope: null,
121 silly cache add   escapedName: 'eslint-plugin-promise',
121 silly cache add   name: 'eslint-plugin-promise',
121 silly cache add   rawSpec: '^3.4.0',
121 silly cache add   spec: '>=3.4.0 <4.0.0',
121 silly cache add   type: 'range' }
122 silly addNamed eslint-plugin-promise@>=3.4.0 <4.0.0
123 verbose addNamed ">=3.4.0 <4.0.0" is a valid semver range for eslint-plugin-promise
124 silly addNameRange { name: 'eslint-plugin-promise',
124 silly addNameRange   range: '>=3.4.0 <4.0.0',
124 silly addNameRange   hasData: false }
125 silly mapToRegistry name eslint-plugin-promise
126 silly mapToRegistry using default registry
127 silly mapToRegistry registry https://registry.npmjs.org/
128 silly mapToRegistry data Result {
128 silly mapToRegistry   raw: 'eslint-plugin-promise',
128 silly mapToRegistry   scope: null,
128 silly mapToRegistry   escapedName: 'eslint-plugin-promise',
128 silly mapToRegistry   name: 'eslint-plugin-promise',
128 silly mapToRegistry   rawSpec: '',
128 silly mapToRegistry   spec: 'latest',
128 silly mapToRegistry   type: 'tag' }
129 silly mapToRegistry uri https://registry.npmjs.org/eslint-plugin-promise
130 verbose addNameRange registry:https://registry.npmjs.org/eslint-plugin-promise not in flight; fetching
131 verbose get https://registry.npmjs.org/eslint-plugin-promise not expired, no request
132 silly addNameRange number 2 { name: 'eslint-plugin-promise',
132 silly addNameRange   range: '>=3.4.0 <4.0.0',
132 silly addNameRange   hasData: true }
133 silly addNameRange versions [ 'eslint-plugin-promise',
133 silly addNameRange   [ '1.0.0',
133 silly addNameRange     '1.0.8',
133 silly addNameRange     '1.1.0',
133 silly addNameRange     '1.2.0',
133 silly addNameRange     '1.3.0',
133 silly addNameRange     '1.3.1',
133 silly addNameRange     '1.3.2',
133 silly addNameRange     '2.0.0',
133 silly addNameRange     '2.0.1',
133 silly addNameRange     '3.0.0',
133 silly addNameRange     '3.1.0',
133 silly addNameRange     '3.2.0',
133 silly addNameRange     '3.2.1',
133 silly addNameRange     '3.3.0',
133 silly addNameRange     '3.3.1',
133 silly addNameRange     '3.3.2',
133 silly addNameRange     '3.4.0-0',
133 silly addNameRange     '3.4.0',
133 silly addNameRange     '3.4.1' ] ]
134 silly addNamed eslint-plugin-promise@3.4.1
135 verbose addNamed "3.4.1" is a plain semver version for eslint-plugin-promise
136 silly mapToRegistry name eslint-plugin-promise
137 silly mapToRegistry using default registry
138 silly mapToRegistry registry https://registry.npmjs.org/
139 silly mapToRegistry data Result {
139 silly mapToRegistry   raw: 'eslint-plugin-promise',
139 silly mapToRegistry   scope: null,
139 silly mapToRegistry   escapedName: 'eslint-plugin-promise',
139 silly mapToRegistry   name: 'eslint-plugin-promise',
139 silly mapToRegistry   rawSpec: '',
139 silly mapToRegistry   spec: 'latest',
139 silly mapToRegistry   type: 'tag' }
140 silly mapToRegistry uri https://registry.npmjs.org/eslint-plugin-promise
141 verbose addRemoteTarball https://registry.npmjs.org/eslint-plugin-promise/-/eslint-plugin-promise-3.4.1.tgz not in flight; adding
142 verbose addRemoteTarball [ 'https://registry.npmjs.org/eslint-plugin-promise/-/eslint-plugin-promise-3.4.1.tgz',
142 verbose addRemoteTarball   '6911a9010bf84e17d82e19e0ab0f80ab3ad6db4c' ]
143 info retry fetch attempt 1 at 5:10:02 PM
144 info attempt registry request try #1 at 5:10:02 PM
145 http fetch GET https://registry.npmjs.org/eslint-plugin-promise/-/eslint-plugin-promise-3.4.1.tgz
146 http 200 https://registry.npmjs.org/babel-core
147 verbose headers { server: 'nginx/1.10.1',
147 verbose headers   'content-type': 'application/json',
147 verbose headers   'last-modified': 'Sun, 05 Feb 2017 10:58:16 GMT',
147 verbose headers   etag: 'W/"58970548-721d7"',
147 verbose headers   'content-encoding': 'gzip',
147 verbose headers   'cache-control': 'max-age=300',
147 verbose headers   'content-length': '25761',
147 verbose headers   'accept-ranges': 'bytes',
147 verbose headers   date: 'Tue, 07 Feb 2017 16:10:02 GMT',
147 verbose headers   via: '1.1 varnish',
147 verbose headers   age: '177',
147 verbose headers   connection: 'keep-alive',
147 verbose headers   'x-served-by': 'cache-lhr6327-LHR',
147 verbose headers   'x-cache': 'HIT',
147 verbose headers   'x-cache-hits': '7',
147 verbose headers   'x-timer': 'S1486483802.817292,VS0,VE0',
147 verbose headers   vary: 'Accept-Encoding' }
148 silly get cb [ 200,
148 silly get   { server: 'nginx/1.10.1',
148 silly get     'content-type': 'application/json',
148 silly get     'last-modified': 'Sun, 05 Feb 2017 10:58:16 GMT',
148 silly get     etag: 'W/"58970548-721d7"',
148 silly get     'content-encoding': 'gzip',
148 silly get     'cache-control': 'max-age=300',
148 silly get     'content-length': '25761',
148 silly get     'accept-ranges': 'bytes',
148 silly get     date: 'Tue, 07 Feb 2017 16:10:02 GMT',
148 silly get     via: '1.1 varnish',
148 silly get     age: '177',
148 silly get     connection: 'keep-alive',
148 silly get     'x-served-by': 'cache-lhr6327-LHR',
148 silly get     'x-cache': 'HIT',
148 silly get     'x-cache-hits': '7',
148 silly get     'x-timer': 'S1486483802.817292,VS0,VE0',
148 silly get     vary: 'Accept-Encoding' } ]
149 verbose get saving babel-core to /home/alban/.npm/registry.npmjs.org/babel-core/.cache.json
150 verbose correctMkdir /home/alban/.npm correctMkdir not in flight; initializing
151 http 200 https://registry.npmjs.org/babel-eslint
152 verbose headers { server: 'nginx/1.10.1',
152 verbose headers   'content-type': 'application/json',
152 verbose headers   'last-modified': 'Fri, 03 Feb 2017 17:56:44 GMT',
152 verbose headers   etag: 'W/"5894c45c-240f2"',
152 verbose headers   'content-encoding': 'gzip',
152 verbose headers   'cache-control': 'max-age=300',
152 verbose headers   'content-length': '14393',
152 verbose headers   'accept-ranges': 'bytes',
152 verbose headers   date: 'Tue, 07 Feb 2017 16:10:02 GMT',
152 verbose headers   via: '1.1 varnish',
152 verbose headers   age: '76',
152 verbose headers   connection: 'keep-alive',
152 verbose headers   'x-served-by': 'cache-lhr6323-LHR',
152 verbose headers   'x-cache': 'HIT',
152 verbose headers   'x-cache-hits': '1',
152 verbose headers   'x-timer': 'S1486483802.821121,VS0,VE4',
152 verbose headers   vary: 'Accept-Encoding' }
153 silly get cb [ 200,
153 silly get   { server: 'nginx/1.10.1',
153 silly get     'content-type': 'application/json',
153 silly get     'last-modified': 'Fri, 03 Feb 2017 17:56:44 GMT',
153 silly get     etag: 'W/"5894c45c-240f2"',
153 silly get     'content-encoding': 'gzip',
153 silly get     'cache-control': 'max-age=300',
153 silly get     'content-length': '14393',
153 silly get     'accept-ranges': 'bytes',
153 silly get     date: 'Tue, 07 Feb 2017 16:10:02 GMT',
153 silly get     via: '1.1 varnish',
153 silly get     age: '76',
153 silly get     connection: 'keep-alive',
153 silly get     'x-served-by': 'cache-lhr6323-LHR',
153 silly get     'x-cache': 'HIT',
153 silly get     'x-cache-hits': '1',
153 silly get     'x-timer': 'S1486483802.821121,VS0,VE4',
153 silly get     vary: 'Accept-Encoding' } ]
154 verbose get saving babel-eslint to /home/alban/.npm/registry.npmjs.org/babel-eslint/.cache.json
155 verbose correctMkdir /home/alban/.npm correctMkdir not in flight; initializing
156 silly resolveWithNewModule babel-eslint@7.1.1 checking installable status
157 silly cache add args [ 'babel-eslint@^7.1.1', null ]
158 verbose cache add spec babel-eslint@^7.1.1
159 silly cache add parsed spec Result {
159 silly cache add   raw: 'babel-eslint@^7.1.1',
159 silly cache add   scope: null,
159 silly cache add   escapedName: 'babel-eslint',
159 silly cache add   name: 'babel-eslint',
159 silly cache add   rawSpec: '^7.1.1',
159 silly cache add   spec: '>=7.1.1 <8.0.0',
159 silly cache add   type: 'range' }
160 silly addNamed babel-eslint@>=7.1.1 <8.0.0
161 verbose addNamed ">=7.1.1 <8.0.0" is a valid semver range for babel-eslint
162 silly addNameRange { name: 'babel-eslint', range: '>=7.1.1 <8.0.0', hasData: false }
163 silly mapToRegistry name babel-eslint
164 silly mapToRegistry using default registry
165 silly mapToRegistry registry https://registry.npmjs.org/
166 silly mapToRegistry data Result {
166 silly mapToRegistry   raw: 'babel-eslint',
166 silly mapToRegistry   scope: null,
166 silly mapToRegistry   escapedName: 'babel-eslint',
166 silly mapToRegistry   name: 'babel-eslint',
166 silly mapToRegistry   rawSpec: '',
166 silly mapToRegistry   spec: 'latest',
166 silly mapToRegistry   type: 'tag' }
167 silly mapToRegistry uri https://registry.npmjs.org/babel-eslint
168 verbose addNameRange registry:https://registry.npmjs.org/babel-eslint not in flight; fetching
169 silly resolveWithNewModule babel-core@6.22.1 checking installable status
170 silly cache add args [ 'babel-core@^6.22.1', null ]
171 verbose cache add spec babel-core@^6.22.1
172 silly cache add parsed spec Result {
172 silly cache add   raw: 'babel-core@^6.22.1',
172 silly cache add   scope: null,
172 silly cache add   escapedName: 'babel-core',
172 silly cache add   name: 'babel-core',
172 silly cache add   rawSpec: '^6.22.1',
172 silly cache add   spec: '>=6.22.1 <7.0.0',
172 silly cache add   type: 'range' }
173 silly addNamed babel-core@>=6.22.1 <7.0.0
174 verbose addNamed ">=6.22.1 <7.0.0" is a valid semver range for babel-core
175 silly addNameRange { name: 'babel-core', range: '>=6.22.1 <7.0.0', hasData: false }
176 silly mapToRegistry name babel-core
177 silly mapToRegistry using default registry
178 silly mapToRegistry registry https://registry.npmjs.org/
179 silly mapToRegistry data Result {
179 silly mapToRegistry   raw: 'babel-core',
179 silly mapToRegistry   scope: null,
179 silly mapToRegistry   escapedName: 'babel-core',
179 silly mapToRegistry   name: 'babel-core',
179 silly mapToRegistry   rawSpec: '',
179 silly mapToRegistry   spec: 'latest',
179 silly mapToRegistry   type: 'tag' }
180 silly mapToRegistry uri https://registry.npmjs.org/babel-core
181 verbose addNameRange registry:https://registry.npmjs.org/babel-core not in flight; fetching
182 verbose get https://registry.npmjs.org/babel-eslint not expired, no request
183 silly addNameRange number 2 { name: 'babel-eslint', range: '>=7.1.1 <8.0.0', hasData: true }
184 silly addNameRange versions [ 'babel-eslint',
184 silly addNameRange   [ '1.0.0',
184 silly addNameRange     '1.0.1',
184 silly addNameRange     '1.0.2',
184 silly addNameRange     '1.0.3',
184 silly addNameRange     '1.0.4',
184 silly addNameRange     '1.0.6',
184 silly addNameRange     '1.0.7',
184 silly addNameRange     '1.0.8',
184 silly addNameRange     '1.0.9',
184 silly addNameRange     '1.0.10',
184 silly addNameRange     '1.0.11',
184 silly addNameRange     '1.0.12',
184 silly addNameRange     '1.0.13',
184 silly addNameRange     '1.0.14',
184 silly addNameRange     '2.0.0',
184 silly addNameRange     '2.0.2',
184 silly addNameRange     '3.0.0',
184 silly addNameRange     '3.0.1',
184 silly addNameRange     '3.1.0',
184 silly addNameRange     '3.1.1',
184 silly addNameRange     '3.1.3',
184 silly addNameRange     '3.1.4',
184 silly addNameRange     '3.1.5',
184 silly addNameRange     '3.1.6',
184 silly addNameRange     '3.1.7',
184 silly addNameRange     '3.1.8',
184 silly addNameRange     '3.1.9',
184 silly addNameRange     '3.1.10',
184 silly addNameRange     '3.1.11',
184 silly addNameRange     '3.1.12',
184 silly addNameRange     '3.1.13',
184 silly addNameRange     '3.1.14',
184 silly addNameRange     '3.1.15',
184 silly addNameRange     '3.1.16',
184 silly addNameRange     '3.1.17',
184 silly addNameRange     '3.1.18',
184 silly addNameRange     '3.1.19',
184 silly addNameRange     '3.1.20',
184 silly addNameRange     '3.1.21',
184 silly addNameRange     '3.1.22',
184 silly addNameRange     '3.1.23',
184 silly addNameRange     '3.1.24',
184 silly addNameRange     '3.1.25',
184 silly addNameRange     '3.1.26',
184 silly addNameRange     '3.1.27',
184 silly addNameRange     '4.0.0',
184 silly addNameRange     '4.0.1',
184 silly addNameRange     '4.0.2',
184 silly addNameRange     '3.1.28',
184 silly addNameRange     '4.0.3',
184 silly addNameRange     '3.1.29',
184 silly addNameRange     '4.0.4',
184 silly addNameRange     '3.1.30',
184 silly addNameRange     '4.0.5',
184 silly addNameRange     '4.0.6',
184 silly addNameRange     '4.0.7',
184 silly addNameRange     '4.0.8',
184 silly addNameRange     '4.0.9',
184 silly addNameRange     '4.0.10',
184 silly addNameRange     '4.1.0',
184 silly addNameRange     '4.1.1',
184 silly addNameRange     '4.1.2',
184 silly addNameRange     '4.1.3',
184 silly addNameRange     '4.1.4',
184 silly addNameRange     '4.1.5',
184 silly addNameRange     '4.1.6',
184 silly addNameRange     '5.0.0-beta1',
184 silly addNameRange     '5.0.0-beta2',
184 silly addNameRange     '5.0.0-beta3',
184 silly addNameRange     '5.0.0-beta4',
184 silly addNameRange     '5.0.0-beta5',
184 silly addNameRange     '5.0.0-beta6',
184 silly addNameRange     '5.0.0-beta7',
184 silly addNameRange     '5.0.0-beta8',
184 silly addNameRange     '5.0.0-beta9',
184 silly addNameRange     '4.1.7',
184 silly addNameRange     '5.0.0-beta10',
184 silly addNameRange     '4.1.8',
184 silly addNameRange     '5.0.0',
184 silly addNameRange     '6.0.0-beta.1',
184 silly addNameRange     '6.0.0-beta.2',
184 silly addNameRange     '6.0.0-beta.3',
184 silly addNameRange     '6.0.0-beta.4',
184 silly addNameRange     '6.0.0-beta.5',
184 silly addNameRange     '6.0.0-beta.6',
184 silly addNameRange     '5.0.1',
184 silly addNameRange     '6.0.0',
184 silly addNameRange     '5.0.2',
184 silly addNameRange     '5.0.3',
184 silly addNameRange     '6.0.1',
184 silly addNameRange     '6.0.2',
184 silly addNameRange     '5.0.4',
184 silly addNameRange     '6.0.3',
184 silly addNameRange     '6.0.4',
184 silly addNameRange     '6.0.5',
184 silly addNameRange     '6.1.0',
184 silly addNameRange     '6.1.1',
184 silly addNameRange     '6.1.2',
184 silly addNameRange     '7.0.0',
184 silly addNameRange     '7.1.0',
184 silly addNameRange     ... 1 more item ] ]
185 silly addNamed babel-eslint@7.1.1
186 verbose addNamed "7.1.1" is a plain semver version for babel-eslint
187 verbose get https://registry.npmjs.org/babel-core not expired, no request
188 silly addNameRange number 2 { name: 'babel-core', range: '>=6.22.1 <7.0.0', hasData: true }
189 silly addNameRange versions [ 'babel-core',
189 silly addNameRange   [ '4.0.1',
189 silly addNameRange     '4.0.2',
189 silly addNameRange     '4.1.1',
189 silly addNameRange     '4.2.0',
189 silly addNameRange     '4.2.1',
189 silly addNameRange     '4.3.0',
189 silly addNameRange     '4.4.1',
189 silly addNameRange     '4.4.2',
189 silly addNameRange     '4.4.3',
189 silly addNameRange     '4.4.4',
189 silly addNameRange     '4.4.5',
189 silly addNameRange     '4.4.6',
189 silly addNameRange     '4.5.0',
189 silly addNameRange     '4.5.1',
189 silly addNameRange     '4.5.2',
189 silly addNameRange     '4.5.3',
189 silly addNameRange     '4.5.4',
189 silly addNameRange     '4.5.5',
189 silly addNameRange     '4.6.0',
189 silly addNameRange     '4.6.1',
189 silly addNameRange     '4.6.3',
189 silly addNameRange     '4.6.4',
189 silly addNameRange     '4.6.5',
189 silly addNameRange     '4.6.6',
189 silly addNameRange     '4.7.0',
189 silly addNameRange     '4.7.1',
189 silly addNameRange     '4.7.2',
189 silly addNameRange     '4.7.3',
189 silly addNameRange     '4.7.4',
189 silly addNameRange     '4.7.5',
189 silly addNameRange     '4.7.6',
189 silly addNameRange     '4.7.7',
189 silly addNameRange     '4.7.8',
189 silly addNameRange     '4.7.9',
189 silly addNameRange     '4.7.10',
189 silly addNameRange     '4.7.11',
189 silly addNameRange     '4.7.12',
189 silly addNameRange     '4.7.13',
189 silly addNameRange     '4.7.14',
189 silly addNameRange     '4.7.15',
189 silly addNameRange     '4.7.16',
189 silly addNameRange     '5.0.0-beta2',
189 silly addNameRange     '5.0.0-beta3',
189 silly addNameRange     '5.0.0-beta4',
189 silly addNameRange     '5.0.0',
189 silly addNameRange     '5.0.1',
189 silly addNameRange     '5.0.2',
189 silly addNameRange     '5.0.3',
189 silly addNameRange     '5.0.4',
189 silly addNameRange     '5.0.5',
189 silly addNameRange     '5.0.6',
189 silly addNameRange     '5.0.7',
189 silly addNameRange     '5.0.8',
189 silly addNameRange     '5.0.9',
189 silly addNameRange     '5.0.10',
189 silly addNameRange     '5.0.11',
189 silly addNameRange     '5.0.12',
189 silly addNameRange     '5.0.13',
189 silly addNameRange     '5.1.0',
189 silly addNameRange     '5.1.1',
189 silly addNameRange     '5.1.2',
189 silly addNameRange     '5.1.3',
189 silly addNameRange     '5.1.4',
189 silly addNameRange     '5.1.5',
189 silly addNameRange     '5.1.6',
189 silly addNameRange     '5.1.7',
189 silly addNameRange     '5.1.8',
189 silly addNameRange     '5.1.9',
189 silly addNameRange     '5.1.10',
189 silly addNameRange     '5.1.11',
189 silly addNameRange     '5.1.12',
189 silly addNameRange     '5.1.13',
189 silly addNameRange     '5.2.0',
189 silly addNameRange     '5.2.1',
189 silly addNameRange     '5.2.2',
189 silly addNameRange     '5.2.3',
189 silly addNameRange     '5.2.4',
189 silly addNameRange     '5.2.5',
189 silly addNameRange     '5.2.6',
189 silly addNameRange     '5.2.7',
189 silly addNameRange     '5.2.9',
189 silly addNameRange     '5.2.10',
189 silly addNameRange     '5.2.11',
189 silly addNameRange     '5.2.12',
189 silly addNameRange     '5.2.13',
189 silly addNameRange     '5.2.14',
189 silly addNameRange     '5.2.15',
189 silly addNameRange     '5.2.16',
189 silly addNameRange     '5.2.17',
189 silly addNameRange     '5.3.0',
189 silly addNameRange     '5.3.1',
189 silly addNameRange     '5.3.2',
189 silly addNameRange     '5.3.3',
189 silly addNameRange     '5.4.0',
189 silly addNameRange     '5.4.1',
189 silly addNameRange     '5.4.2',
189 silly addNameRange     '5.4.3',
189 silly addNameRange     '5.4.4',
189 silly addNameRange     '5.4.5',
189 silly addNameRange     '5.4.6',
189 silly addNameRange     ... 127 more items ] ]
190 silly addNamed babel-core@6.22.1
191 verbose addNamed "6.22.1" is a plain semver version for babel-core
192 http fetch 200 https://registry.npmjs.org/eslint-plugin-promise/-/eslint-plugin-promise-3.4.1.tgz
193 silly mapToRegistry name babel-core
194 silly mapToRegistry using default registry
195 silly mapToRegistry registry https://registry.npmjs.org/
196 silly mapToRegistry data Result {
196 silly mapToRegistry   raw: 'babel-core',
196 silly mapToRegistry   scope: null,
196 silly mapToRegistry   escapedName: 'babel-core',
196 silly mapToRegistry   name: 'babel-core',
196 silly mapToRegistry   rawSpec: '',
196 silly mapToRegistry   spec: 'latest',
196 silly mapToRegistry   type: 'tag' }
197 silly mapToRegistry uri https://registry.npmjs.org/babel-core
198 verbose addRemoteTarball https://registry.npmjs.org/babel-core/-/babel-core-6.22.1.tgz not in flight; adding
199 verbose addRemoteTarball [ 'https://registry.npmjs.org/babel-core/-/babel-core-6.22.1.tgz',
199 verbose addRemoteTarball   '9c5fd658ba1772d28d721f6d25d968fc7ae21648' ]
200 info retry fetch attempt 1 at 5:10:02 PM
201 info attempt registry request try #1 at 5:10:02 PM
202 http fetch GET https://registry.npmjs.org/babel-core/-/babel-core-6.22.1.tgz
203 silly cache afterAdd babel-eslint@7.1.1
204 verbose afterAdd /home/alban/.npm/babel-eslint/7.1.1/package/package.json not in flight; writing
205 verbose correctMkdir /home/alban/.npm correctMkdir not in flight; initializing
206 silly fetchAndShaCheck shasum 6911a9010bf84e17d82e19e0ab0f80ab3ad6db4c
207 verbose afterAdd /home/alban/.npm/babel-eslint/7.1.1/package/package.json written
208 verbose addTmpTarball /tmp/npm-29267-7c4eadd8/registry.npmjs.org/eslint-plugin-promise/-/eslint-plugin-promise-3.4.1.tgz not in flight; adding
209 verbose addTmpTarball already have metadata; skipping unpack for eslint-plugin-promise@3.4.1
210 verbose correctMkdir /home/alban/.npm correctMkdir not in flight; initializing
211 silly cache afterAdd eslint-plugin-promise@3.4.1
212 verbose afterAdd /home/alban/.npm/eslint-plugin-promise/3.4.1/package/package.json not in flight; writing
213 verbose correctMkdir /home/alban/.npm correctMkdir not in flight; initializing
214 verbose afterAdd /home/alban/.npm/eslint-plugin-promise/3.4.1/package/package.json written
215 http 200 https://registry.npmjs.org/eslint
216 verbose headers { server: 'nginx/1.10.1',
216 verbose headers   'content-type': 'application/json',
216 verbose headers   'last-modified': 'Tue, 07 Feb 2017 08:48:07 GMT',
216 verbose headers   etag: 'W/"589989c7-672d3"',
216 verbose headers   'content-encoding': 'gzip',
216 verbose headers   'cache-control': 'max-age=300',
216 verbose headers   'content-length': '25575',
216 verbose headers   'accept-ranges': 'bytes',
216 verbose headers   date: 'Tue, 07 Feb 2017 16:10:02 GMT',
216 verbose headers   via: '1.1 varnish',
216 verbose headers   age: '260',
216 verbose headers   connection: 'keep-alive',
216 verbose headers   'x-served-by': 'cache-lhr6333-LHR',
216 verbose headers   'x-cache': 'HIT',
216 verbose headers   'x-cache-hits': '5',
216 verbose headers   'x-timer': 'S1486483802.915029,VS0,VE0',
216 verbose headers   vary: 'Accept-Encoding' }
217 silly get cb [ 200,
217 silly get   { server: 'nginx/1.10.1',
217 silly get     'content-type': 'application/json',
217 silly get     'last-modified': 'Tue, 07 Feb 2017 08:48:07 GMT',
217 silly get     etag: 'W/"589989c7-672d3"',
217 silly get     'content-encoding': 'gzip',
217 silly get     'cache-control': 'max-age=300',
217 silly get     'content-length': '25575',
217 silly get     'accept-ranges': 'bytes',
217 silly get     date: 'Tue, 07 Feb 2017 16:10:02 GMT',
217 silly get     via: '1.1 varnish',
217 silly get     age: '260',
217 silly get     connection: 'keep-alive',
217 silly get     'x-served-by': 'cache-lhr6333-LHR',
217 silly get     'x-cache': 'HIT',
217 silly get     'x-cache-hits': '5',
217 silly get     'x-timer': 'S1486483802.915029,VS0,VE0',
217 silly get     vary: 'Accept-Encoding' } ]
218 verbose get saving eslint to /home/alban/.npm/registry.npmjs.org/eslint/.cache.json
219 verbose correctMkdir /home/alban/.npm correctMkdir not in flight; initializing
220 silly resolveWithNewModule eslint@3.15.0 checking installable status
221 silly cache add args [ 'eslint@^3.12.2', null ]
222 verbose cache add spec eslint@^3.12.2
223 silly cache add parsed spec Result {
223 silly cache add   raw: 'eslint@^3.12.2',
223 silly cache add   scope: null,
223 silly cache add   escapedName: 'eslint',
223 silly cache add   name: 'eslint',
223 silly cache add   rawSpec: '^3.12.2',
223 silly cache add   spec: '>=3.12.2 <4.0.0',
223 silly cache add   type: 'range' }
224 silly addNamed eslint@>=3.12.2 <4.0.0
225 verbose addNamed ">=3.12.2 <4.0.0" is a valid semver range for eslint
226 silly addNameRange { name: 'eslint', range: '>=3.12.2 <4.0.0', hasData: false }
227 silly mapToRegistry name eslint
228 silly mapToRegistry using default registry
229 silly mapToRegistry registry https://registry.npmjs.org/
230 silly mapToRegistry data Result {
230 silly mapToRegistry   raw: 'eslint',
230 silly mapToRegistry   scope: null,
230 silly mapToRegistry   escapedName: 'eslint',
230 silly mapToRegistry   name: 'eslint',
230 silly mapToRegistry   rawSpec: '',
230 silly mapToRegistry   spec: 'latest',
230 silly mapToRegistry   type: 'tag' }
231 silly mapToRegistry uri https://registry.npmjs.org/eslint
232 verbose addNameRange registry:https://registry.npmjs.org/eslint not in flight; fetching
233 verbose get https://registry.npmjs.org/eslint not expired, no request
234 silly addNameRange number 2 { name: 'eslint', range: '>=3.12.2 <4.0.0', hasData: true }
235 silly addNameRange versions [ 'eslint',
235 silly addNameRange   [ '0.0.4',
235 silly addNameRange     '0.0.5',
235 silly addNameRange     '0.0.6',
235 silly addNameRange     '0.0.7',
235 silly addNameRange     '0.1.0-dev',
235 silly addNameRange     '0.1.0',
235 silly addNameRange     '0.1.1',
235 silly addNameRange     '0.1.2',
235 silly addNameRange     '0.1.3',
235 silly addNameRange     '0.1.4',
235 silly addNameRange     '0.2.0',
235 silly addNameRange     '0.3.0',
235 silly addNameRange     '0.4.0',
235 silly addNameRange     '0.4.1',
235 silly addNameRange     '0.4.2',
235 silly addNameRange     '0.4.3',
235 silly addNameRange     '0.4.4',
235 silly addNameRange     '0.4.5',
235 silly addNameRange     '0.5.0',
235 silly addNameRange     '0.5.1',
235 silly addNameRange     '0.6.0',
235 silly addNameRange     '0.6.1',
235 silly addNameRange     '0.6.2',
235 silly addNameRange     '0.7.1',
235 silly addNameRange     '0.7.2',
235 silly addNameRange     '0.7.3',
235 silly addNameRange     '0.7.4',
235 silly addNameRange     '0.8.0',
235 silly addNameRange     '0.8.1',
235 silly addNameRange     '0.8.2',
235 silly addNameRange     '0.9.0',
235 silly addNameRange     '0.9.1',
235 silly addNameRange     '0.9.2',
235 silly addNameRange     '0.10.0-alpha',
235 silly addNameRange     '0.10.0-alpha.1',
235 silly addNameRange     '0.10.0-alpha.2',
235 silly addNameRange     '0.10.0',
235 silly addNameRange     '0.11.0-alpha.0',
235 silly addNameRange     '0.10.1',
235 silly addNameRange     '0.10.2',
235 silly addNameRange     '0.11.0',
235 silly addNameRange     '0.12.0',
235 silly addNameRange     '0.13.0',
235 silly addNameRange     '0.14.0',
235 silly addNameRange     '0.14.1',
235 silly addNameRange     '0.15.0',
235 silly addNameRange     '0.15.1',
235 silly addNameRange     '0.16.0',
235 silly addNameRange     '0.16.1',
235 silly addNameRange     '0.16.2',
235 silly addNameRange     '0.17.0',
235 silly addNameRange     '0.17.1',
235 silly addNameRange     '0.18.0',
235 silly addNameRange     '0.19.0',
235 silly addNameRange     '0.20.0',
235 silly addNameRange     '0.21.0',
235 silly addNameRange     '0.21.1',
235 silly addNameRange     '0.21.2',
235 silly addNameRange     '0.22.0',
235 silly addNameRange     '0.22.1',
235 silly addNameRange     '0.23.0',
235 silly addNameRange     '0.24.0',
235 silly addNameRange     '0.24.1',
235 silly addNameRange     '1.0.0-rc-1',
235 silly addNameRange     '1.0.0-rc-2',
235 silly addNameRange     '1.0.0-rc-3',
235 silly addNameRange     '1.0.0',
235 silly addNameRange     '1.1.0',
235 silly addNameRange     '1.2.0',
235 silly addNameRange     '1.2.1',
235 silly addNameRange     '1.3.0',
235 silly addNameRange     '1.3.1',
235 silly addNameRange     '1.4.0',
235 silly addNameRange     '1.4.1',
235 silly addNameRange     '1.4.2',
235 silly addNameRange     '1.4.3',
235 silly addNameRange     '1.5.0',
235 silly addNameRange     '1.5.1',
235 silly addNameRange     '1.6.0',
235 silly addNameRange     '1.7.0',
235 silly addNameRange     '1.7.1',
235 silly addNameRange     '1.7.2',
235 silly addNameRange     '1.7.3',
235 silly addNameRange     '1.8.0',
235 silly addNameRange     '1.9.0',
235 silly addNameRange     '1.10.0',
235 silly addNameRange     '1.10.1',
235 silly addNameRange     '1.10.2',
235 silly addNameRange     '1.10.3',
235 silly addNameRange     '2.0.0-alpha-1',
235 silly addNameRange     '2.0.0-alpha-2',
235 silly addNameRange     '2.0.0-beta.1',
235 silly addNameRange     '2.0.0-beta.2',
235 silly addNameRange     '2.0.0-beta.3',
235 silly addNameRange     '2.0.0-rc.0',
235 silly addNameRange     '2.0.0-rc.1',
235 silly addNameRange     '2.0.0',
235 silly addNameRange     '2.1.0',
235 silly addNameRange     '2.2.0',
235 silly addNameRange     '2.3.0',
235 silly addNameRange     ... 49 more items ] ]
236 silly addNamed eslint@3.15.0
237 verbose addNamed "3.15.0" is a plain semver version for eslint
238 silly mapToRegistry name eslint
239 silly mapToRegistry using default registry
240 silly mapToRegistry registry https://registry.npmjs.org/
241 silly mapToRegistry data Result {
241 silly mapToRegistry   raw: 'eslint',
241 silly mapToRegistry   scope: null,
241 silly mapToRegistry   escapedName: 'eslint',
241 silly mapToRegistry   name: 'eslint',
241 silly mapToRegistry   rawSpec: '',
241 silly mapToRegistry   spec: 'latest',
241 silly mapToRegistry   type: 'tag' }
242 silly mapToRegistry uri https://registry.npmjs.org/eslint
243 verbose addRemoteTarball https://registry.npmjs.org/eslint/-/eslint-3.15.0.tgz not in flight; adding
244 verbose addRemoteTarball [ 'https://registry.npmjs.org/eslint/-/eslint-3.15.0.tgz',
244 verbose addRemoteTarball   'bdcc6a6c5ffe08160e7b93c066695362a91e30f2' ]
245 http fetch 200 https://registry.npmjs.org/babel-core/-/babel-core-6.22.1.tgz
246 info retry fetch attempt 1 at 5:10:03 PM
247 info attempt registry request try #1 at 5:10:03 PM
248 http fetch GET https://registry.npmjs.org/eslint/-/eslint-3.15.0.tgz
249 silly fetchAndShaCheck shasum 9c5fd658ba1772d28d721f6d25d968fc7ae21648
250 verbose addTmpTarball /tmp/npm-29267-7c4eadd8/registry.npmjs.org/babel-core/-/babel-core-6.22.1.tgz not in flight; adding
251 verbose addTmpTarball already have metadata; skipping unpack for babel-core@6.22.1
252 verbose correctMkdir /home/alban/.npm correctMkdir not in flight; initializing
253 silly cache afterAdd babel-core@6.22.1
254 verbose afterAdd /home/alban/.npm/babel-core/6.22.1/package/package.json not in flight; writing
255 verbose correctMkdir /home/alban/.npm correctMkdir not in flight; initializing
256 verbose afterAdd /home/alban/.npm/babel-core/6.22.1/package/package.json written
257 http fetch 200 https://registry.npmjs.org/eslint/-/eslint-3.15.0.tgz
258 silly fetchAndShaCheck shasum bdcc6a6c5ffe08160e7b93c066695362a91e30f2
259 verbose addTmpTarball /tmp/npm-29267-7c4eadd8/registry.npmjs.org/eslint/-/eslint-3.15.0.tgz not in flight; adding
260 verbose addTmpTarball already have metadata; skipping unpack for eslint@3.15.0
261 verbose correctMkdir /home/alban/.npm correctMkdir not in flight; initializing
262 silly cache afterAdd eslint@3.15.0
263 verbose afterAdd /home/alban/.npm/eslint/3.15.0/package/package.json not in flight; writing
264 verbose correctMkdir /home/alban/.npm correctMkdir not in flight; initializing
265 verbose afterAdd /home/alban/.npm/eslint/3.15.0/package/package.json written
266 silly rollbackFailedOptional Starting
267 silly rollbackFailedOptional Finishing
268 silly runTopLevelLifecycles Finishing
269 silly install printInstalled
270 verbose stack Error: ENOENT: no such file or directory, open '/home/alban/github/sirene-metadata/esl int-plugin-standard@^2.0.1'
271 verbose cwd /home/alban/github/sirene-metadata
272 error Linux 4.8.0-37-generic
273 error argv "/home/alban/.nvm/versions/node/v7.4.0/bin/node" "/home/alban/.nvm/versions/node/v7.4.0/bin/npm" "install"
274 error node v7.4.0
275 error npm  v4.0.5
276 error path /home/alban/github/sirene-metadata/esl int-plugin-standard@^2.0.1
277 error code ENOENT
278 error errno -2
279 error syscall open
280 error enoent ENOENT: no such file or directory, open '/home/alban/github/sirene-metadata/esl int-plugin-standard@^2.0.1'
281 error enoent ENOENT: no such file or directory, open '/home/alban/github/sirene-metadata/esl int-plugin-standard@^2.0.1'
281 error enoent This is most likely not a problem with npm itself
281 error enoent and is related to npm not being able to find a file.
282 verbose exit [ -2, true ]
